Using pre-set license
Built from '2022.3/staging' branch; Version is '2022.3.31f1 (4ede2d13e8b4) revision 5168685'; Using compiler version '192829333'; Build Type 'Release'
OS: 'Windows 11  (10.0.22631) 64bit Professional' Language: 'ru' Physical Memory: 16299 MB
BatchMode: 1, IsHumanControllingUs: 0, StartBugReporterOnCrash: 0, Is64bit: 1, IsPro: 1

COMMAND LINE ARGUMENTS:
G:\Unity\2022.3.31f1\Editor\Unity.exe
-adb2
-batchMode
-noUpm
-name
AssetImportWorker0
-projectPath
E:/Git/Pixel-Guild/PixelGuild
-logFile
Logs/AssetImportWorker0.log
-srvPort
63260
Successfully changed project path to: E:/Git/Pixel-Guild/PixelGuild
E:/Git/Pixel-Guild/PixelGuild
[UnityMemory] Configuration Parameters - Can be set up in boot.config
    "memorysetup-bucket-allocator-granularity=16"
    "memorysetup-bucket-allocator-bucket-count=8"
    "memorysetup-bucket-allocator-block-size=33554432"
    "memorysetup-bucket-allocator-block-count=8"
    "memorysetup-main-allocator-block-size=16777216"
    "memorysetup-thread-allocator-block-size=16777216"
    "memorysetup-gfx-main-allocator-block-size=16777216"
    "memorysetup-gfx-thread-allocator-block-size=16777216"
    "memorysetup-cache-allocator-block-size=4194304"
    "memorysetup-typetree-allocator-block-size=2097152"
    "memorysetup-profiler-bucket-allocator-granularity=16"
    "memorysetup-profiler-bucket-allocator-bucket-count=8"
    "memorysetup-profiler-bucket-allocator-block-size=33554432"
    "memorysetup-profiler-bucket-allocator-block-count=8"
    "memorysetup-profiler-allocator-block-size=16777216"
    "memorysetup-profiler-editor-allocator-block-size=1048576"
    "memorysetup-temp-allocator-size-main=16777216"
    "memorysetup-job-temp-allocator-block-size=2097152"
    "memorysetup-job-temp-allocator-block-size-background=1048576"
    "memorysetup-job-temp-allocator-reduction-small-platforms=262144"
    "memorysetup-allocator-temp-initial-block-size-main=262144"
    "memorysetup-allocator-temp-initial-block-size-worker=262144"
    "memorysetup-temp-allocator-size-background-worker=32768"
    "memorysetup-temp-allocator-size-job-worker=262144"
    "memorysetup-temp-allocator-size-preload-manager=33554432"
    "memorysetup-temp-allocator-size-nav-mesh-worker=65536"
    "memorysetup-temp-allocator-size-audio-worker=65536"
    "memorysetup-temp-allocator-size-cloud-worker=32768"
    "memorysetup-temp-allocator-size-gi-baking-worker=262144"
    "memorysetup-temp-allocator-size-gfx=262144"
Player connection [11168] Host "[IP] 192.168.1.12 [Port] 0 [Flags] 2 [Guid] 4080676374 [EditorId] 4080676374 [Version] 1048832 [Id] WindowsEditor(7,NW-PC) [Debug] 1 [PackageName] WindowsEditor [ProjectName] Editor" joined multi-casting on [225.0.0.222:54997]...

Player connection [11168] Host "[IP] 192.168.1.12 [Port] 0 [Flags] 2 [Guid] 4080676374 [EditorId] 4080676374 [Version] 1048832 [Id] WindowsEditor(7,NW-PC) [Debug] 1 [PackageName] WindowsEditor [ProjectName] Editor" joined alternative multi-casting on [225.0.0.222:34997]...

[PhysX] Initialized MultithreadedTaskDispatcher with 6 workers.
Refreshing native plugins compatible for Editor in 12.68 ms, found 4 plugins.
Preloading 0 native plugins for Editor in 0.00 ms.
Initialize engine version: 2022.3.31f1 (4ede2d13e8b4)
[Subsystems] Discovering subsystems at path G:/Unity/2022.3.31f1/Editor/Data/Resources/UnitySubsystems
[Subsystems] Discovering subsystems at path E:/Git/Pixel-Guild/PixelGuild/Assets
GfxDevice: creating device client; threaded=0; jobified=0
Direct3D:
    Version:  Direct3D 11.0 [level 11.1]
    Renderer: NVIDIA GeForce GTX 1660 SUPER (ID=0x21c4)
    Vendor:   NVIDIA
    VRAM:     5966 MB
    Driver:   31.0.15.5244
Initialize mono
Mono path[0] = 'G:/Unity/2022.3.31f1/Editor/Data/Managed'
Mono path[1] = 'G:/Unity/2022.3.31f1/Editor/Data/MonoBleedingEdge/lib/mono/unityjit-win32'
Mono config path = 'G:/Unity/2022.3.31f1/Editor/Data/MonoBleedingEdge/etc'
Using monoOptions --debugger-agent=transport=dt_socket,embedding=1,server=y,suspend=n,address=127.0.0.1:56648
Begin MonoManager ReloadAssembly
Registering precompiled unity dll's ...
Register platform support module: G:/Unity/2022.3.31f1/Editor/Data/PlaybackEngines/AndroidPlayer/UnityEditor.Android.Extensions.dll
Register platform support module: G:/Unity/2022.3.31f1/Editor/Data/PlaybackEngines/WindowsStandaloneSupport/UnityEditor.WindowsStandalone.Extensions.dll
Registered in 0.006431 seconds.
- Loaded All Assemblies, in  0.648 seconds
Native extension for WindowsStandalone target not found
Native extension for Android target not found
Android Extension - Scanning For ADB Devices 1354 ms
Mono: successfully reloaded assembly
- Finished resetting the current domain, in  1.836 seconds
Domain Reload Profiling: 2484ms
	BeginReloadAssembly (169ms)
		ExecutionOrderSort (0ms)
		DisableScriptedObjects (0ms)
		BackupInstance (0ms)
		ReleaseScriptingObjects (0ms)
		CreateAndSetChildDomain (1ms)
	RebuildCommonClasses (58ms)
	RebuildNativeTypeToScriptingClass (21ms)
	initialDomainReloadingComplete (96ms)
	LoadAllAssembliesAndSetupDomain (303ms)
		LoadAssemblies (171ms)
		RebuildTransferFunctionScriptingTraits (0ms)
		AnalyzeDomain (299ms)
			TypeCache.Refresh (298ms)
				TypeCache.ScanAssembly (276ms)
			ScanForSourceGeneratedMonoScriptInfo (0ms)
			ResolveRequiredComponents (0ms)
	FinalizeReload (1837ms)
		ReleaseScriptCaches (0ms)
		RebuildScriptCaches (0ms)
		SetupLoadedEditorAssemblies (1734ms)
			LogAssemblyErrors (0ms)
			InitializePlatformSupportModulesInManaged (1515ms)
			SetLoadedEditorAssemblies (5ms)
			RefreshPlugins (0ms)
			BeforeProcessingInitializeOnLoad (3ms)
			ProcessInitializeOnLoadAttributes (152ms)
			ProcessInitializeOnLoadMethodAttributes (58ms)
			AfterProcessingInitializeOnLoad (0ms)
			EditorAssembliesLoaded (0ms)
		ExecutionOrderSort2 (0ms)
		AwakeInstancesAfterBackupRestoration (0ms)
========================================================================
Worker process is ready to serve import requests
Begin MonoManager ReloadAssembly
- Loaded All Assemblies, in  1.080 seconds
Refreshing native plugins compatible for Editor in 5.03 ms, found 4 plugins.
Native extension for WindowsStandalone target not found
Native extension for Android target not found
Package Manager log level set to [2]
[Package Manager] Server::EnsureServerProcessIsRunning -- launch failed, reason: Unity was launched with the -noUpm command-line argument
[Package Manager] UpmClient::Send -- Unable to send message (not connected to UPM process).
[Package Manager] Cannot connect to Unity Package Manager local server
Mono: successfully reloaded assembly
- Finished resetting the current domain, in  0.825 seconds
Domain Reload Profiling: 1905ms
	BeginReloadAssembly (277ms)
		ExecutionOrderSort (0ms)
		DisableScriptedObjects (15ms)
		BackupInstance (0ms)
		ReleaseScriptingObjects (0ms)
		CreateAndSetChildDomain (38ms)
	RebuildCommonClasses (46ms)
	RebuildNativeTypeToScriptingClass (14ms)
	initialDomainReloadingComplete (48ms)
	LoadAllAssembliesAndSetupDomain (694ms)
		LoadAssemblies (627ms)
		RebuildTransferFunctionScriptingTraits (0ms)
		AnalyzeDomain (237ms)
			TypeCache.Refresh (202ms)
				TypeCache.ScanAssembly (180ms)
			ScanForSourceGeneratedMonoScriptInfo (27ms)
			ResolveRequiredComponents (6ms)
	FinalizeReload (825ms)
		ReleaseScriptCaches (0ms)
		RebuildScriptCaches (0ms)
		SetupLoadedEditorAssemblies (614ms)
			LogAssemblyErrors (0ms)
			InitializePlatformSupportModulesInManaged (27ms)
			SetLoadedEditorAssemblies (3ms)
			RefreshPlugins (0ms)
			BeforeProcessingInitializeOnLoad (72ms)
			ProcessInitializeOnLoadAttributes (465ms)
			ProcessInitializeOnLoadMethodAttributes (44ms)
			AfterProcessingInitializeOnLoad (2ms)
			EditorAssembliesLoaded (0ms)
		ExecutionOrderSort2 (0ms)
		AwakeInstancesAfterBackupRestoration (7ms)
Launched and connected shader compiler UnityShaderCompiler.exe after 0.06 seconds
Refreshing native plugins compatible for Editor in 4.58 ms, found 4 plugins.
Preloading 0 native plugins for Editor in 0.00 ms.
Unloading 4038 Unused Serialized files (Serialized files now loaded: 0)
Unloading 65 unused Assets / (62.1 KB). Loaded Objects now: 4502.
Memory consumption went from 146.9 MB to 146.8 MB.
Total: 4.960700 ms (FindLiveObjects: 0.306600 ms CreateObjectMapping: 1.376700 ms MarkObjects: 3.161500 ms  DeleteObjects: 0.114900 ms)

AssetImportParameters requested are different than current active one (requested -> active):
  custom:container-demuxer-ogg: 62fdf1f143b41e24485cea50d1cbac27 -> 
  custom:video-decoder-ogg-theora: a1e56fd34408186e4bbccfd4996cb3dc -> 
  custom:framework-win-MediaFoundation: 216162199b28c13a410421893ffa2e32 -> 
  custom:CustomObjectIndexerAttribute: 9a22284fe3817be447336de3de66b15e -> 
  custom:container-demuxer-webm: 4f35f7cbe854078d1ac9338744f61a02 -> 
  custom:container-muxer-webm: aa71ff27fc2769a1b78a27578f13a17b -> 
  custom:video-decoder-webm-vp8: 9c59270c3fd7afecdb556c50c9e8de78 -> 
  custom:SearchIndexIgnoredProperties: e643bd26f0fe6173181afceb89e7c659 -> 
  custom:AudioImporter_EditorPlatform: d09bf68614088b80899f8185d706f6e7 -> 
  custom:video-encoder-webm-vp8: eb34c28f22e8b96e1ab97ce403110664 -> 
  custom:audio-decoder-ogg-vorbis: bf7c407c2cedff20999df2af8eb42d56 -> 
  custom:audio-encoder-webm-vorbis: bf7c407c2cedff20999df2af8eb42d56 -> 
========================================================================
Received Import Request.
  Time since last request: 33383.656074 seconds.
  path: Assets/photo_2024-07-10_17-47-40.jpg
  artifactKey: Guid(a1eb704aca84df640b661be534540a93) Importer(815301076,1909f56bfc062723c751e8b465ee728b)
Start importing Assets/photo_2024-07-10_17-47-40.jpg using Guid(a1eb704aca84df640b661be534540a93) Importer(815301076,1909f56bfc062723c751e8b465ee728b) [PhysX] Initialized MultithreadedTaskDispatcher with 6 workers.
[PhysX] Initialized MultithreadedTaskDispatcher with 6 workers.
 -> (artifact id: 'dc68fb70598724d8768342652794d9de') in 0.100718 seconds
Number of updated asset objects reloaded before import = 0
Number of asset objects unloaded after import = 3
========================================================================
Received Prepare
Begin MonoManager ReloadAssembly
- Loaded All Assemblies, in  0.469 seconds
Refreshing native plugins compatible for Editor in 4.46 ms, found 4 plugins.
Native extension for WindowsStandalone target not found
Native extension for Android target not found
[Package Manager] Server::EnsureServerProcessIsRunning -- launch failed, reason: Unity was launched with the -noUpm command-line argument
[Package Manager] UpmClient::Send -- Unable to send message (not connected to UPM process).
[Package Manager] Cannot connect to Unity Package Manager local server
Mono: successfully reloaded assembly
- Finished resetting the current domain, in  1.215 seconds
Domain Reload Profiling: 1684ms
	BeginReloadAssembly (182ms)
		ExecutionOrderSort (0ms)
		DisableScriptedObjects (12ms)
		BackupInstance (0ms)
		ReleaseScriptingObjects (0ms)
		CreateAndSetChildDomain (38ms)
	RebuildCommonClasses (34ms)
	RebuildNativeTypeToScriptingClass (12ms)
	initialDomainReloadingComplete (26ms)
	LoadAllAssembliesAndSetupDomain (215ms)
		LoadAssemblies (303ms)
		RebuildTransferFunctionScriptingTraits (0ms)
		AnalyzeDomain (16ms)
			TypeCache.Refresh (6ms)
				TypeCache.ScanAssembly (0ms)
			ScanForSourceGeneratedMonoScriptInfo (0ms)
			ResolveRequiredComponents (7ms)
	FinalizeReload (1216ms)
		ReleaseScriptCaches (0ms)
		RebuildScriptCaches (0ms)
		SetupLoadedEditorAssemblies (546ms)
			LogAssemblyErrors (0ms)
			InitializePlatformSupportModulesInManaged (28ms)
			SetLoadedEditorAssemblies (5ms)
			RefreshPlugins (0ms)
			BeforeProcessingInitializeOnLoad (83ms)
			ProcessInitializeOnLoadAttributes (383ms)
			ProcessInitializeOnLoadMethodAttributes (44ms)
			AfterProcessingInitializeOnLoad (3ms)
			EditorAssembliesLoaded (0ms)
		ExecutionOrderSort2 (0ms)
		AwakeInstancesAfterBackupRestoration (17ms)
Refreshing native plugins compatible for Editor in 5.44 ms, found 4 plugins.
Preloading 0 native plugins for Editor in 0.00 ms.
Unloading 4025 Unused Serialized files (Serialized files now loaded: 0)
Unloading 37 unused Assets / (35.8 KB). Loaded Objects now: 4512.
Memory consumption went from 143.2 MB to 143.2 MB.
Total: 4.357900 ms (FindLiveObjects: 0.375200 ms CreateObjectMapping: 0.324400 ms MarkObjects: 3.582400 ms  DeleteObjects: 0.074800 ms)

Prepare: number of updated asset objects reloaded= 0
AssetImportParameters requested are different than current active one (requested -> active):
  custom:container-demuxer-ogg: 62fdf1f143b41e24485cea50d1cbac27 -> 
  custom:video-decoder-ogg-theora: a1e56fd34408186e4bbccfd4996cb3dc -> 
  custom:framework-win-MediaFoundation: 216162199b28c13a410421893ffa2e32 -> 
  custom:CustomObjectIndexerAttribute: 9a22284fe3817be447336de3de66b15e -> 
  custom:container-demuxer-webm: 4f35f7cbe854078d1ac9338744f61a02 -> 
  custom:container-muxer-webm: aa71ff27fc2769a1b78a27578f13a17b -> 
  custom:video-decoder-webm-vp8: 9c59270c3fd7afecdb556c50c9e8de78 -> 
  custom:SearchIndexIgnoredProperties: e643bd26f0fe6173181afceb89e7c659 -> 
  custom:AudioImporter_EditorPlatform: d09bf68614088b80899f8185d706f6e7 -> 
  custom:video-encoder-webm-vp8: eb34c28f22e8b96e1ab97ce403110664 -> 
  custom:audio-decoder-ogg-vorbis: bf7c407c2cedff20999df2af8eb42d56 -> 
  custom:audio-encoder-webm-vorbis: bf7c407c2cedff20999df2af8eb42d56 -> 
========================================================================
Received Import Request.
  Time since last request: 64.311763 seconds.
  path: Assets/Scenes/New Scene.unity
  artifactKey: Guid(faf86ce92fc31af4280595e536e7d1bc) Importer(815301076,1909f56bfc062723c751e8b465ee728b)
Start importing Assets/Scenes/New Scene.unity using Guid(faf86ce92fc31af4280595e536e7d1bc) Importer(815301076,1909f56bfc062723c751e8b465ee728b) [PhysX] Initialized MultithreadedTaskDispatcher with 6 workers.
 -> (artifact id: 'f4675fd4e614ed7c254f7d174d270ba5') in 0.002200 seconds
Number of updated asset objects reloaded before import = 0
Number of asset objects unloaded after import = 0
========================================================================
Received Import Request.
  Time since last request: 14.230362 seconds.
  path: Assets/Scenes/Tavern.unity
  artifactKey: Guid(faf86ce92fc31af4280595e536e7d1bc) Importer(815301076,1909f56bfc062723c751e8b465ee728b)
Start importing Assets/Scenes/Tavern.unity using Guid(faf86ce92fc31af4280595e536e7d1bc) Importer(815301076,1909f56bfc062723c751e8b465ee728b) [PhysX] Initialized MultithreadedTaskDispatcher with 6 workers.
 -> (artifact id: '3cad7b1f6a4d498990f202331333c3a1') in 0.000412 seconds
Number of updated asset objects reloaded before import = 0
Number of asset objects unloaded after import = 0
========================================================================
Received Import Request.
  Time since last request: 111.313920 seconds.
  path: Assets/Reception/Tile_Reception/Wood_0.asset
  artifactKey: Guid(7c5374c787ea4dc4a9677e8df465e2b8) Importer(815301076,1909f56bfc062723c751e8b465ee728b)
Start importing Assets/Reception/Tile_Reception/Wood_0.asset using Guid(7c5374c787ea4dc4a9677e8df465e2b8) Importer(815301076,1909f56bfc062723c751e8b465ee728b) [PhysX] Initialized MultithreadedTaskDispatcher with 6 workers.
 -> (artifact id: '217cb0659dfc77a9ed5914131cbd408c') in 0.058653 seconds
Number of updated asset objects reloaded before import = 0
Number of asset objects unloaded after import = 3
========================================================================
Received Import Request.
  Time since last request: 0.000018 seconds.
  path: Assets/Reception/Tile_Reception/Пол (центр)_0.asset
  artifactKey: Guid(f9a6b894ba01df24aa96c16166693bcd) Importer(815301076,1909f56bfc062723c751e8b465ee728b)
Start importing Assets/Reception/Tile_Reception/Пол (центр)_0.asset using Guid(f9a6b894ba01df24aa96c16166693bcd) Importer(815301076,1909f56bfc062723c751e8b465ee728b) [PhysX] Initialized MultithreadedTaskDispatcher with 6 workers.
 -> (artifact id: '1c0a5037261c885d091ad2abc8dc1f39') in 0.013044 seconds
Number of updated asset objects reloaded before import = 0
Number of asset objects unloaded after import = 3
========================================================================
Received Import Request.
  Time since last request: 9.639006 seconds.
  path: Assets/Reception
  artifactKey: Guid(d9b2fe9b7f4cebe49b49b171baba7716) Importer(815301076,1909f56bfc062723c751e8b465ee728b)
Start importing Assets/Reception using Guid(d9b2fe9b7f4cebe49b49b171baba7716) Importer(815301076,1909f56bfc062723c751e8b465ee728b) [PhysX] Initialized MultithreadedTaskDispatcher with 6 workers.
 -> (artifact id: 'c6a1f4cd49ce0f784c0d3911981492f9') in 0.000480 seconds
Number of updated asset objects reloaded before import = 0
Number of asset objects unloaded after import = 0
========================================================================
Received Import Request.
  Time since last request: 28.097102 seconds.
  path: Assets/Tavern
  artifactKey: Guid(92d1b6d9f95b87641a15d4c972a933cb) Importer(815301076,1909f56bfc062723c751e8b465ee728b)
Start importing Assets/Tavern using Guid(92d1b6d9f95b87641a15d4c972a933cb) Importer(815301076,1909f56bfc062723c751e8b465ee728b) [PhysX] Initialized MultithreadedTaskDispatcher with 6 workers.
 -> (artifact id: '55c6f027c0651151b9fc2b2e4c3c4bd2') in 0.000398 seconds
Number of updated asset objects reloaded before import = 0
Number of asset objects unloaded after import = 0
========================================================================
Received Import Request.
  Time since last request: 6.799556 seconds.
  path: Assets/Tavern/Balk.png
  artifactKey: Guid(95b57a8f4387a8148a1659a3906df26e) Importer(815301076,1909f56bfc062723c751e8b465ee728b)
Start importing Assets/Tavern/Balk.png using Guid(95b57a8f4387a8148a1659a3906df26e) Importer(815301076,1909f56bfc062723c751e8b465ee728b) [PhysX] Initialized MultithreadedTaskDispatcher with 6 workers.
[PhysX] Initialized MultithreadedTaskDispatcher with 6 workers.
 -> (artifact id: 'e056b2e6742bae53966e77f371966d21') in 0.034803 seconds
Number of updated asset objects reloaded before import = 0
Number of asset objects unloaded after import = 3
========================================================================
Received Import Request.
  Time since last request: 0.000015 seconds.
  path: Assets/Tavern/Balk top (middle).png
  artifactKey: Guid(f3fe4385f68a86343bb46c317709e32e) Importer(815301076,1909f56bfc062723c751e8b465ee728b)
Start importing Assets/Tavern/Balk top (middle).png using Guid(f3fe4385f68a86343bb46c317709e32e) Importer(815301076,1909f56bfc062723c751e8b465ee728b) [PhysX] Initialized MultithreadedTaskDispatcher with 6 workers.
[PhysX] Initialized MultithreadedTaskDispatcher with 6 workers.
 -> (artifact id: 'e8452e02e422bfee6a55897d48f08369') in 0.014163 seconds
Number of updated asset objects reloaded before import = 0
Number of asset objects unloaded after import = 3
========================================================================
Received Import Request.
  Time since last request: 0.000017 seconds.
  path: Assets/Tavern/Barel2l.png
  artifactKey: Guid(970286e50d8ecc346988fafc1bfa0f74) Importer(815301076,1909f56bfc062723c751e8b465ee728b)
Start importing Assets/Tavern/Barel2l.png using Guid(970286e50d8ecc346988fafc1bfa0f74) Importer(815301076,1909f56bfc062723c751e8b465ee728b) [PhysX] Initialized MultithreadedTaskDispatcher with 6 workers.
[PhysX] Initialized MultithreadedTaskDispatcher with 6 workers.
 -> (artifact id: 'ecd81e6aa3bff0c8366eedcc2611beef') in 0.016321 seconds
Number of updated asset objects reloaded before import = 0
Number of asset objects unloaded after import = 3
========================================================================
Received Import Request.
  Time since last request: 0.000046 seconds.
  path: Assets/Tavern/Column.png
  artifactKey: Guid(14747c0fdc4d87247a1dcfa3ddfd073b) Importer(815301076,1909f56bfc062723c751e8b465ee728b)
Start importing Assets/Tavern/Column.png using Guid(14747c0fdc4d87247a1dcfa3ddfd073b) Importer(815301076,1909f56bfc062723c751e8b465ee728b) [PhysX] Initialized MultithreadedTaskDispatcher with 6 workers.
[PhysX] Initialized MultithreadedTaskDispatcher with 6 workers.
 -> (artifact id: 'c2fe169c65a816363280ee8fb15b6dce') in 0.014721 seconds
Number of updated asset objects reloaded before import = 0
Number of asset objects unloaded after import = 3
========================================================================
Received Import Request.
  Time since last request: 0.000019 seconds.
  path: Assets/Tavern/Top.png
  artifactKey: Guid(ca353e35a754df6499d8b7174826521a) Importer(815301076,1909f56bfc062723c751e8b465ee728b)
Start importing Assets/Tavern/Top.png using Guid(ca353e35a754df6499d8b7174826521a) Importer(815301076,1909f56bfc062723c751e8b465ee728b) [PhysX] Initialized MultithreadedTaskDispatcher with 6 workers.
[PhysX] Initialized MultithreadedTaskDispatcher with 6 workers.
 -> (artifact id: 'a9da1fd498c32559a50c4eeb91af9161') in 0.015253 seconds
Number of updated asset objects reloaded before import = 0
Number of asset objects unloaded after import = 3
========================================================================
Received Import Request.
  Time since last request: 0.000026 seconds.
  path: Assets/Tavern/Tavern (floor).png
  artifactKey: Guid(23c6f41cd491fd046b3ca892b0ffc532) Importer(815301076,1909f56bfc062723c751e8b465ee728b)
Start importing Assets/Tavern/Tavern (floor).png using Guid(23c6f41cd491fd046b3ca892b0ffc532) Importer(815301076,1909f56bfc062723c751e8b465ee728b) [PhysX] Initialized MultithreadedTaskDispatcher with 6 workers.
[PhysX] Initialized MultithreadedTaskDispatcher with 6 workers.
 -> (artifact id: 'dc0c183eb821cc77e1341366656a607f') in 0.013919 seconds
Number of updated asset objects reloaded before import = 0
Number of asset objects unloaded after import = 3
========================================================================
Received Import Request.
  Time since last request: 26.760351 seconds.
  path: Assets/Reception/Graphic/Furniture/Доска.png
  artifactKey: Guid(0edf471e590a7894fb4e2f36739d5748) Importer(815301076,1909f56bfc062723c751e8b465ee728b)
Start importing Assets/Reception/Graphic/Furniture/Доска.png using Guid(0edf471e590a7894fb4e2f36739d5748) Importer(815301076,1909f56bfc062723c751e8b465ee728b) [PhysX] Initialized MultithreadedTaskDispatcher with 6 workers.
[PhysX] Initialized MultithreadedTaskDispatcher with 6 workers.
 -> (artifact id: '34c518bfa6272f648edb1a84a29dc8de') in 0.018672 seconds
Number of updated asset objects reloaded before import = 0
Number of asset objects unloaded after import = 3
========================================================================
Received Import Request.
  Time since last request: 0.000016 seconds.
  path: Assets/Reception/Graphic/Furniture/Полка (право).png
  artifactKey: Guid(f472196f8b2426641a1e3dfe4a282544) Importer(815301076,1909f56bfc062723c751e8b465ee728b)
Start importing Assets/Reception/Graphic/Furniture/Полка (право).png using Guid(f472196f8b2426641a1e3dfe4a282544) Importer(815301076,1909f56bfc062723c751e8b465ee728b) [PhysX] Initialized MultithreadedTaskDispatcher with 6 workers.
[PhysX] Initialized MultithreadedTaskDispatcher with 6 workers.
 -> (artifact id: '9a869572a527035bd284677ae76b10c0') in 0.033943 seconds
Number of updated asset objects reloaded before import = 0
Number of asset objects unloaded after import = 3
========================================================================
Received Import Request.
  Time since last request: 8.471012 seconds.
  path: Assets/Reception/Graphic/Furniture
  artifactKey: Guid(2fb58ad2447b6744eae1b243381f533a) Importer(815301076,1909f56bfc062723c751e8b465ee728b)
Start importing Assets/Reception/Graphic/Furniture using Guid(2fb58ad2447b6744eae1b243381f533a) Importer(815301076,1909f56bfc062723c751e8b465ee728b) [PhysX] Initialized MultithreadedTaskDispatcher with 6 workers.
 -> (artifact id: '41922c54c6f952e6a5a7094d2f151351') in 0.002141 seconds
Number of updated asset objects reloaded before import = 0
Number of asset objects unloaded after import = 0
========================================================================
Received Import Request.
  Time since last request: 65.885641 seconds.
  path: Assets/Reception/Tile_Reception
  artifactKey: Guid(584eef6441b1462489f8d7d3a1ebe114) Importer(815301076,1909f56bfc062723c751e8b465ee728b)
Start importing Assets/Reception/Tile_Reception using Guid(584eef6441b1462489f8d7d3a1ebe114) Importer(815301076,1909f56bfc062723c751e8b465ee728b) [PhysX] Initialized MultithreadedTaskDispatcher with 6 workers.
 -> (artifact id: '3896136afffaebbd21748699dd8c0a98') in 0.000671 seconds
Number of updated asset objects reloaded before import = 0
Number of asset objects unloaded after import = 0
========================================================================
Received Import Request.
  Time since last request: 120.317272 seconds.
  path: Assets/Tavern/Graphic
  artifactKey: Guid(03cdd4aed0235d846af1be98ceae840b) Importer(815301076,1909f56bfc062723c751e8b465ee728b)
Start importing Assets/Tavern/Graphic using Guid(03cdd4aed0235d846af1be98ceae840b) Importer(815301076,1909f56bfc062723c751e8b465ee728b) [PhysX] Initialized MultithreadedTaskDispatcher with 6 workers.
 -> (artifact id: '004d5d684c1a5085e324ee84f8cf04bc') in 0.000423 seconds
Number of updated asset objects reloaded before import = 0
Number of asset objects unloaded after import = 0
========================================================================
Received Import Request.
  Time since last request: 41.944449 seconds.
  path: Assets/Tavern/Graphic/BackGround
  artifactKey: Guid(9aae4a5985f528e409480b81fd0d7a47) Importer(815301076,1909f56bfc062723c751e8b465ee728b)
Start importing Assets/Tavern/Graphic/BackGround using Guid(9aae4a5985f528e409480b81fd0d7a47) Importer(815301076,1909f56bfc062723c751e8b465ee728b) [PhysX] Initialized MultithreadedTaskDispatcher with 6 workers.
 -> (artifact id: '0c878b0235093ec4275e1b63bfcfc181') in 0.000421 seconds
Number of updated asset objects reloaded before import = 0
Number of asset objects unloaded after import = 0
========================================================================
Received Import Request.
  Time since last request: 247.079189 seconds.
  path: Assets/Tavern/Graphic/BackGround/Tavern (floor).png
  artifactKey: Guid(23c6f41cd491fd046b3ca892b0ffc532) Importer(815301076,1909f56bfc062723c751e8b465ee728b)
Start importing Assets/Tavern/Graphic/BackGround/Tavern (floor).png using Guid(23c6f41cd491fd046b3ca892b0ffc532) Importer(815301076,1909f56bfc062723c751e8b465ee728b) [PhysX] Initialized MultithreadedTaskDispatcher with 6 workers.
[PhysX] Initialized MultithreadedTaskDispatcher with 6 workers.
 -> (artifact id: 'fa5747d2493ba1832736155d0667560d') in 0.015807 seconds
Number of updated asset objects reloaded before import = 0
Number of asset objects unloaded after import = 3
========================================================================
Received Import Request.
  Time since last request: 38.608517 seconds.
  path: Assets/Tavern/Graphic/BackGround/Tavern (wall).png
  artifactKey: Guid(a609d2120426de94abc2c1b043ec9c07) Importer(815301076,1909f56bfc062723c751e8b465ee728b)
Start importing Assets/Tavern/Graphic/BackGround/Tavern (wall).png using Guid(a609d2120426de94abc2c1b043ec9c07) Importer(815301076,1909f56bfc062723c751e8b465ee728b) [PhysX] Initialized MultithreadedTaskDispatcher with 6 workers.
[PhysX] Initialized MultithreadedTaskDispatcher with 6 workers.
 -> (artifact id: '93a0c99ba64c073ed5e7003dbd4e8eda') in 0.008197 seconds
Number of updated asset objects reloaded before import = 0
Number of asset objects unloaded after import = 3
========================================================================
Received Import Request.
  Time since last request: 369.049124 seconds.
  path: Assets/Tavern/Tile_Tavern/Tavern.prefab
  artifactKey: Guid(691017de48cd7b24b85f6a506ed0ae2b) Importer(815301076,1909f56bfc062723c751e8b465ee728b)
Start importing Assets/Tavern/Tile_Tavern/Tavern.prefab using Guid(691017de48cd7b24b85f6a506ed0ae2b) Importer(815301076,1909f56bfc062723c751e8b465ee728b) [PhysX] Initialized MultithreadedTaskDispatcher with 6 workers.
[PhysX] Initialized MultithreadedTaskDispatcher with 6 workers.
 -> (artifact id: '01b8730a0c9d41284b90e57c0b98f075') in 0.051661 seconds
Number of updated asset objects reloaded before import = 0
Number of asset objects unloaded after import = 10
========================================================================
Received Import Request.
  Time since last request: 126.176427 seconds.
  path: Assets/Tavern/Graphic/BackGround/Column.png
  artifactKey: Guid(14747c0fdc4d87247a1dcfa3ddfd073b) Importer(815301076,1909f56bfc062723c751e8b465ee728b)
Start importing Assets/Tavern/Graphic/BackGround/Column.png using Guid(14747c0fdc4d87247a1dcfa3ddfd073b) Importer(815301076,1909f56bfc062723c751e8b465ee728b) [PhysX] Initialized MultithreadedTaskDispatcher with 6 workers.
[PhysX] Initialized MultithreadedTaskDispatcher with 6 workers.
 -> (artifact id: '960431c64b4fdd4a8882254a34e54f2d') in 0.019158 seconds
Number of updated asset objects reloaded before import = 0
Number of asset objects unloaded after import = 3
========================================================================
Received Import Request.
  Time since last request: 35.217160 seconds.
  path: Assets/Tavern/Graphic/BackGround/Tavern (wall).png
  artifactKey: Guid(a609d2120426de94abc2c1b043ec9c07) Importer(815301076,1909f56bfc062723c751e8b465ee728b)
Start importing Assets/Tavern/Graphic/BackGround/Tavern (wall).png using Guid(a609d2120426de94abc2c1b043ec9c07) Importer(815301076,1909f56bfc062723c751e8b465ee728b) [PhysX] Initialized MultithreadedTaskDispatcher with 6 workers.
[PhysX] Initialized MultithreadedTaskDispatcher with 6 workers.
 -> (artifact id: 'ac1abf483d12e2171567b6e27524b853') in 0.012817 seconds
Number of updated asset objects reloaded before import = 0
Number of asset objects unloaded after import = 3
========================================================================
Received Import Request.
  Time since last request: 5.403792 seconds.
  path: Assets/Tavern/Graphic/BackGround/Column.png
  artifactKey: Guid(14747c0fdc4d87247a1dcfa3ddfd073b) Importer(815301076,1909f56bfc062723c751e8b465ee728b)
Start importing Assets/Tavern/Graphic/BackGround/Column.png using Guid(14747c0fdc4d87247a1dcfa3ddfd073b) Importer(815301076,1909f56bfc062723c751e8b465ee728b) [PhysX] Initialized MultithreadedTaskDispatcher with 6 workers.
[PhysX] Initialized MultithreadedTaskDispatcher with 6 workers.
 -> (artifact id: 'e122ff287b285770c85dc7c055846b46') in 0.075956 seconds
Number of updated asset objects reloaded before import = 0
Number of asset objects unloaded after import = 3
========================================================================
Received Import Request.
  Time since last request: 18.943853 seconds.
  path: Assets/Tavern/Graphic/BackGround/Balk top (right part)png.png
  artifactKey: Guid(0f5687aca4472ef438fbb7ae058de2a9) Importer(815301076,1909f56bfc062723c751e8b465ee728b)
Start importing Assets/Tavern/Graphic/BackGround/Balk top (right part)png.png using Guid(0f5687aca4472ef438fbb7ae058de2a9) Importer(815301076,1909f56bfc062723c751e8b465ee728b) [PhysX] Initialized MultithreadedTaskDispatcher with 6 workers.
[PhysX] Initialized MultithreadedTaskDispatcher with 6 workers.
 -> (artifact id: '0c1ac2bf69b0efefcbf06370ca1835f4') in 0.012316 seconds
Number of updated asset objects reloaded before import = 0
Number of asset objects unloaded after import = 3
========================================================================
Received Import Request.
  Time since last request: 14.272444 seconds.
  path: Assets/Tavern/Graphic/BackGround/Balk top (middle).png
  artifactKey: Guid(f3fe4385f68a86343bb46c317709e32e) Importer(815301076,1909f56bfc062723c751e8b465ee728b)
Start importing Assets/Tavern/Graphic/BackGround/Balk top (middle).png using Guid(f3fe4385f68a86343bb46c317709e32e) Importer(815301076,1909f56bfc062723c751e8b465ee728b) [PhysX] Initialized MultithreadedTaskDispatcher with 6 workers.
[PhysX] Initialized MultithreadedTaskDispatcher with 6 workers.
 -> (artifact id: '44bceddd4fdad903f553671940904ee9') in 0.011886 seconds
Number of updated asset objects reloaded before import = 0
Number of asset objects unloaded after import = 3
========================================================================
Received Import Request.
  Time since last request: 10.088344 seconds.
  path: Assets/Tavern/Graphic/BackGround/Balk top (left part).png
  artifactKey: Guid(2f69d9b9f46e1354ab89e64cad23756b) Importer(815301076,1909f56bfc062723c751e8b465ee728b)
Start importing Assets/Tavern/Graphic/BackGround/Balk top (left part).png using Guid(2f69d9b9f46e1354ab89e64cad23756b) Importer(815301076,1909f56bfc062723c751e8b465ee728b) [PhysX] Initialized MultithreadedTaskDispatcher with 6 workers.
[PhysX] Initialized MultithreadedTaskDispatcher with 6 workers.
 -> (artifact id: 'd48f913424e926bed9a442001457f517') in 0.011825 seconds
Number of updated asset objects reloaded before import = 0
Number of asset objects unloaded after import = 3
========================================================================
Received Import Request.
  Time since last request: 19.886944 seconds.
  path: Assets/Tavern/Graphic/BackGround/Balk.png
  artifactKey: Guid(95b57a8f4387a8148a1659a3906df26e) Importer(815301076,1909f56bfc062723c751e8b465ee728b)
Start importing Assets/Tavern/Graphic/BackGround/Balk.png using Guid(95b57a8f4387a8148a1659a3906df26e) Importer(815301076,1909f56bfc062723c751e8b465ee728b) [PhysX] Initialized MultithreadedTaskDispatcher with 6 workers.
[PhysX] Initialized MultithreadedTaskDispatcher with 6 workers.
 -> (artifact id: 'e4e37b1d2c96fa06f5521a3e15f414ce') in 0.013230 seconds
Number of updated asset objects reloaded before import = 0
Number of asset objects unloaded after import = 3
========================================================================
Received Import Request.
  Time since last request: 82.924098 seconds.
  path: Assets/Tavern/Graphic/BackGround/Chair.png
  artifactKey: Guid(6d8856830ade31540a5e933e2748508d) Importer(815301076,1909f56bfc062723c751e8b465ee728b)
Start importing Assets/Tavern/Graphic/BackGround/Chair.png using Guid(6d8856830ade31540a5e933e2748508d) Importer(815301076,1909f56bfc062723c751e8b465ee728b) [PhysX] Initialized MultithreadedTaskDispatcher with 6 workers.
[PhysX] Initialized MultithreadedTaskDispatcher with 6 workers.
 -> (artifact id: 'a5981ab0a0e571530fb965d4c8c124e1') in 0.014988 seconds
Number of updated asset objects reloaded before import = 0
Number of asset objects unloaded after import = 3
========================================================================
Received Import Request.
  Time since last request: 102.927161 seconds.
  path: Assets/Tavern/Palette/Tavern.prefab
  artifactKey: Guid(691017de48cd7b24b85f6a506ed0ae2b) Importer(815301076,1909f56bfc062723c751e8b465ee728b)
Start importing Assets/Tavern/Palette/Tavern.prefab using Guid(691017de48cd7b24b85f6a506ed0ae2b) Importer(815301076,1909f56bfc062723c751e8b465ee728b) [PhysX] Initialized MultithreadedTaskDispatcher with 6 workers.
[PhysX] Initialized MultithreadedTaskDispatcher with 6 workers.
 -> (artifact id: '3ce8f3b1ea5d430bc118a6611093f2be') in 0.018352 seconds
Number of updated asset objects reloaded before import = 0
Number of asset objects unloaded after import = 31
========================================================================
Received Import Request.
  Time since last request: 30.012785 seconds.
  path: Assets/Tavern/Palette/Tavern.prefab
  artifactKey: Guid(691017de48cd7b24b85f6a506ed0ae2b) Importer(815301076,1909f56bfc062723c751e8b465ee728b)
Start importing Assets/Tavern/Palette/Tavern.prefab using Guid(691017de48cd7b24b85f6a506ed0ae2b) Importer(815301076,1909f56bfc062723c751e8b465ee728b) [PhysX] Initialized MultithreadedTaskDispatcher with 6 workers.
[PhysX] Initialized MultithreadedTaskDispatcher with 6 workers.
 -> (artifact id: 'ab625e06a135d612124b5e33d5e8c9fd') in 0.015777 seconds
Number of updated asset objects reloaded before import = 0
Number of asset objects unloaded after import = 10
========================================================================
Received Import Request.
  Time since last request: 30.598159 seconds.
  path: Assets/Tavern/Tile_Tavern/Balk.asset
  artifactKey: Guid(924a20550c7349d438160fadc2067f38) Importer(815301076,1909f56bfc062723c751e8b465ee728b)
Start importing Assets/Tavern/Tile_Tavern/Balk.asset using Guid(924a20550c7349d438160fadc2067f38) Importer(815301076,1909f56bfc062723c751e8b465ee728b) [PhysX] Initialized MultithreadedTaskDispatcher with 6 workers.
 -> (artifact id: '4b51a13766d868c931160f91f5c39e29') in 0.012166 seconds
Number of updated asset objects reloaded before import = 0
Number of asset objects unloaded after import = 3
========================================================================
Received Import Request.
  Time since last request: 0.000017 seconds.
  path: Assets/Tavern/Tile_Tavern/Balk top (right part)png.asset
  artifactKey: Guid(c3b2afbe1d4c90d4585c1a64d4867dcf) Importer(815301076,1909f56bfc062723c751e8b465ee728b)
Start importing Assets/Tavern/Tile_Tavern/Balk top (right part)png.asset using Guid(c3b2afbe1d4c90d4585c1a64d4867dcf) Importer(815301076,1909f56bfc062723c751e8b465ee728b) [PhysX] Initialized MultithreadedTaskDispatcher with 6 workers.
 -> (artifact id: '8831318bcc57b0eadb251c34eaeccb98') in 0.012804 seconds
Number of updated asset objects reloaded before import = 0
Number of asset objects unloaded after import = 3
========================================================================
Received Import Request.
  Time since last request: 0.000018 seconds.
  path: Assets/Tavern/Tile_Tavern/Tavern (floor).asset
  artifactKey: Guid(46968faf29e14e647bae94488b853564) Importer(815301076,1909f56bfc062723c751e8b465ee728b)
Start importing Assets/Tavern/Tile_Tavern/Tavern (floor).asset using Guid(46968faf29e14e647bae94488b853564) Importer(815301076,1909f56bfc062723c751e8b465ee728b) [PhysX] Initialized MultithreadedTaskDispatcher with 6 workers.
 -> (artifact id: '7ad3f8dd76a8961e7805eebbada6cbec') in 0.030974 seconds
Number of updated asset objects reloaded before import = 0
Number of asset objects unloaded after import = 3
========================================================================
Received Import Request.
  Time since last request: 0.000027 seconds.
  path: Assets/Tavern/Tile_Tavern/Balk top (middle).asset
  artifactKey: Guid(af92a4af3f75c5d4d918271e7930df17) Importer(815301076,1909f56bfc062723c751e8b465ee728b)
Start importing Assets/Tavern/Tile_Tavern/Balk top (middle).asset using Guid(af92a4af3f75c5d4d918271e7930df17) Importer(815301076,1909f56bfc062723c751e8b465ee728b) [PhysX] Initialized MultithreadedTaskDispatcher with 6 workers.
 -> (artifact id: '30248c4c1d34a9b92b17e23996b9a658') in 0.010549 seconds
Number of updated asset objects reloaded before import = 0
Number of asset objects unloaded after import = 3
========================================================================
Received Import Request.
  Time since last request: 0.000018 seconds.
  path: Assets/Tavern/Tile_Tavern/Column.asset
  artifactKey: Guid(5e38ccb933f750a40a6d2e462c4630cc) Importer(815301076,1909f56bfc062723c751e8b465ee728b)
Start importing Assets/Tavern/Tile_Tavern/Column.asset using Guid(5e38ccb933f750a40a6d2e462c4630cc) Importer(815301076,1909f56bfc062723c751e8b465ee728b) [PhysX] Initialized MultithreadedTaskDispatcher with 6 workers.
 -> (artifact id: '68f3ca54d18d8b60e4858c482cb12d65') in 0.011024 seconds
Number of updated asset objects reloaded before import = 0
Number of asset objects unloaded after import = 3
========================================================================
Received Import Request.
  Time since last request: 19.572260 seconds.
  path: Assets/Tavern/Palette/Tavern.prefab
  artifactKey: Guid(691017de48cd7b24b85f6a506ed0ae2b) Importer(815301076,1909f56bfc062723c751e8b465ee728b)
Start importing Assets/Tavern/Palette/Tavern.prefab using Guid(691017de48cd7b24b85f6a506ed0ae2b) Importer(815301076,1909f56bfc062723c751e8b465ee728b) [PhysX] Initialized MultithreadedTaskDispatcher with 6 workers.
[PhysX] Initialized MultithreadedTaskDispatcher with 6 workers.
 -> (artifact id: '6af9f9bd7583977d444eb82a6ebd580b') in 0.017611 seconds
Number of updated asset objects reloaded before import = 0
Number of asset objects unloaded after import = 14
========================================================================
Received Import Request.
  Time since last request: 740.999136 seconds.
  path: Assets/Scenes/Tavern.unity
  artifactKey: Guid(faf86ce92fc31af4280595e536e7d1bc) Importer(815301076,1909f56bfc062723c751e8b465ee728b)
Start importing Assets/Scenes/Tavern.unity using Guid(faf86ce92fc31af4280595e536e7d1bc) Importer(815301076,1909f56bfc062723c751e8b465ee728b) [PhysX] Initialized MultithreadedTaskDispatcher with 6 workers.
 -> (artifact id: 'd2f7ba236187152618ab799f63af8c12') in 0.000704 seconds
Number of updated asset objects reloaded before import = 0
Number of asset objects unloaded after import = 0
========================================================================
Received Import Request.
  Time since last request: 138.205662 seconds.
  path: Assets/Tavern/Graphic/Barel2l.png
  artifactKey: Guid(970286e50d8ecc346988fafc1bfa0f74) Importer(815301076,1909f56bfc062723c751e8b465ee728b)
Start importing Assets/Tavern/Graphic/Barel2l.png using Guid(970286e50d8ecc346988fafc1bfa0f74) Importer(815301076,1909f56bfc062723c751e8b465ee728b) [PhysX] Initialized MultithreadedTaskDispatcher with 6 workers.
[PhysX] Initialized MultithreadedTaskDispatcher with 6 workers.
 -> (artifact id: '233a0520a8568969255750244ecdc20d') in 0.015206 seconds
Number of updated asset objects reloaded before import = 0
Number of asset objects unloaded after import = 3
========================================================================
Received Import Request.
  Time since last request: 1495.698414 seconds.
  path: Assets/Tavern/Graphic/Barel2l.png
  artifactKey: Guid(970286e50d8ecc346988fafc1bfa0f74) Importer(815301076,1909f56bfc062723c751e8b465ee728b)
Start importing Assets/Tavern/Graphic/Barel2l.png using Guid(970286e50d8ecc346988fafc1bfa0f74) Importer(815301076,1909f56bfc062723c751e8b465ee728b) [PhysX] Initialized MultithreadedTaskDispatcher with 6 workers.
[PhysX] Initialized MultithreadedTaskDispatcher with 6 workers.
 -> (artifact id: '7ae0256bec268dca9724d10d44bf822a') in 0.022879 seconds
Number of updated asset objects reloaded before import = 0
Number of asset objects unloaded after import = 2
========================================================================
Received Import Request.
  Time since last request: 34.797187 seconds.
  path: Assets/Tavern/Graphic/Barel2l.png
  artifactKey: Guid(970286e50d8ecc346988fafc1bfa0f74) Importer(815301076,1909f56bfc062723c751e8b465ee728b)
Start importing Assets/Tavern/Graphic/Barel2l.png using Guid(970286e50d8ecc346988fafc1bfa0f74) Importer(815301076,1909f56bfc062723c751e8b465ee728b) [PhysX] Initialized MultithreadedTaskDispatcher with 6 workers.
[PhysX] Initialized MultithreadedTaskDispatcher with 6 workers.
 -> (artifact id: '5e869938705172c60299f6131379db69') in 0.013867 seconds
Number of updated asset objects reloaded before import = 0
Number of asset objects unloaded after import = 3
========================================================================
Received Import Request.
  Time since last request: 38.495214 seconds.
  path: Assets/Tavern/Graphic/Barell.png
  artifactKey: Guid(e7b98873346a5bb4ab8ec9eb011f4669) Importer(815301076,1909f56bfc062723c751e8b465ee728b)
Start importing Assets/Tavern/Graphic/Barell.png using Guid(e7b98873346a5bb4ab8ec9eb011f4669) Importer(815301076,1909f56bfc062723c751e8b465ee728b) [PhysX] Initialized MultithreadedTaskDispatcher with 6 workers.
[PhysX] Initialized MultithreadedTaskDispatcher with 6 workers.
 -> (artifact id: '1a47097b768961c4834677040b1de420') in 0.015880 seconds
Number of updated asset objects reloaded before import = 0
Number of asset objects unloaded after import = 3
========================================================================
Received Import Request.
  Time since last request: 132.181330 seconds.
  path: Assets/Tavern/Graphic/Table.png
  artifactKey: Guid(eeaa9b60885ec9345bd3b0f1ecb62b3e) Importer(815301076,1909f56bfc062723c751e8b465ee728b)
Start importing Assets/Tavern/Graphic/Table.png using Guid(eeaa9b60885ec9345bd3b0f1ecb62b3e) Importer(815301076,1909f56bfc062723c751e8b465ee728b) [PhysX] Initialized MultithreadedTaskDispatcher with 6 workers.
[PhysX] Initialized MultithreadedTaskDispatcher with 6 workers.
 -> (artifact id: 'cabd7319155d87721e4c2af4a3ea4e47') in 0.034774 seconds
Number of updated asset objects reloaded before import = 0
Number of asset objects unloaded after import = 3
========================================================================
Received Import Request.
  Time since last request: 48.554407 seconds.
  path: Assets/Tavern/Graphic/Chair.png
  artifactKey: Guid(6d8856830ade31540a5e933e2748508d) Importer(815301076,1909f56bfc062723c751e8b465ee728b)
Start importing Assets/Tavern/Graphic/Chair.png using Guid(6d8856830ade31540a5e933e2748508d) Importer(815301076,1909f56bfc062723c751e8b465ee728b) [PhysX] Initialized MultithreadedTaskDispatcher with 6 workers.
[PhysX] Initialized MultithreadedTaskDispatcher with 6 workers.
 -> (artifact id: 'f9bceb26d7e633f051843df50cc4708f') in 0.023549 seconds
Number of updated asset objects reloaded before import = 0
Number of asset objects unloaded after import = 3
========================================================================
Received Import Request.
  Time since last request: 10.328586 seconds.
  path: Assets/Tavern/Graphic/Chair.png
  artifactKey: Guid(6d8856830ade31540a5e933e2748508d) Importer(815301076,1909f56bfc062723c751e8b465ee728b)
Start importing Assets/Tavern/Graphic/Chair.png using Guid(6d8856830ade31540a5e933e2748508d) Importer(815301076,1909f56bfc062723c751e8b465ee728b) [PhysX] Initialized MultithreadedTaskDispatcher with 6 workers.
[PhysX] Initialized MultithreadedTaskDispatcher with 6 workers.
 -> (artifact id: 'e19514a28738198d2e9c013c48dd137b') in 0.038286 seconds
Number of updated asset objects reloaded before import = 0
Number of asset objects unloaded after import = 3
========================================================================
Received Import Request.
  Time since last request: 26.384449 seconds.
  path: Assets/Tavern/Graphic/Top.png
  artifactKey: Guid(ca353e35a754df6499d8b7174826521a) Importer(815301076,1909f56bfc062723c751e8b465ee728b)
Start importing Assets/Tavern/Graphic/Top.png using Guid(ca353e35a754df6499d8b7174826521a) Importer(815301076,1909f56bfc062723c751e8b465ee728b) [PhysX] Initialized MultithreadedTaskDispatcher with 6 workers.
[PhysX] Initialized MultithreadedTaskDispatcher with 6 workers.
 -> (artifact id: 'f559f7cbff2c4b29f72daa5164b150de') in 0.033647 seconds
Number of updated asset objects reloaded before import = 0
Number of asset objects unloaded after import = 3
========================================================================
Received Import Request.
  Time since last request: 693.564008 seconds.
  path: Assets/Scenes/Tavern.unity
  artifactKey: Guid(faf86ce92fc31af4280595e536e7d1bc) Importer(815301076,1909f56bfc062723c751e8b465ee728b)
Start importing Assets/Scenes/Tavern.unity using Guid(faf86ce92fc31af4280595e536e7d1bc) Importer(815301076,1909f56bfc062723c751e8b465ee728b) [PhysX] Initialized MultithreadedTaskDispatcher with 6 workers.
 -> (artifact id: '64eb109cbaacbe0679f6417d32ed1e12') in 0.000844 seconds
Number of updated asset objects reloaded before import = 0
Number of asset objects unloaded after import = 0
